Flutter crash report; please file at https://github.com/flutter/flutter/issues.

## command

flutter --quiet assemble --depfile C:\Users\MSI\Documents\GitHub\New folder\Innovative-Skyline\postgrad_tracker\build\app\intermediates\flutter\debug/flutter_build.d --output C:\Users\MSI\Documents\GitHub\New folder\Innovative-Skyline\postgrad_tracker\build\app\intermediates\flutter\debug -dTargetFile=C:\Users\MSI\Documents\GitHub\New folder\Innovative-Skyline\postgrad_tracker\lib\main.dart -dTargetPlatform=android -dBuildMode=debug debug_android_application

## exception

FileSystemException: FileSystemException: writeFrom failed, path = '' (OS Error: The pipe is being closed.
, errno = 232)

```
#0      _RandomAccessFile.writeFromSync (dart:io/file_impl.dart:881:7)
#1      _StdConsumer.addStream.<anonymous closure> (dart:io/stdio.dart:310:15)
#2      _rootRunUnary (dart:async/zone.dart:1134:38)
#3      _CustomZone.runUnary (dart:async/zone.dart:1031:19)
#4      _CustomZone.runUnaryGuarded (dart:async/zone.dart:933:7)
#5      _BufferingStreamSubscription._sendData (dart:async/stream_impl.dart:338:11)
#6      _BufferingStreamSubscription._add (dart:async/stream_impl.dart:265:7)
#7      _SyncStreamControllerDispatch._sendData (dart:async/stream_controller.dart:766:19)
#8      _StreamController._add (dart:async/stream_controller.dart:642:7)
#9      _StreamController.add (dart:async/stream_controller.dart:588:5)
#10     _StreamSinkImpl.add (dart:io/io_sink.dart:158:17)
#11     _IOSinkImpl.write (dart:io/io_sink.dart:291:5)
#12     _IOSinkImpl.writeln (dart:io/io_sink.dart:311:5)
#13     _StdSink.writeln (dart:io/stdio.dart:343:11)
#14     StdoutLogger.printError (package:flutter_tools/src/base/logger.dart:180:12)
#15     printError (package:flutter_tools/src/globals.dart:32:10)
#16     StdoutHandler.handler (package:flutter_tools/src/compile.dart:170:9)
#17     _rootRunUnary (dart:async/zone.dart:1134:38)
#18     _CustomZone.runUnary (dart:async/zone.dart:1031:19)
#19     _CustomZone.runUnaryGuarded (dart:async/zone.dart:933:7)
#20     _BufferingStreamSubscription._sendData (dart:async/stream_impl.dart:338:11)
#21     _BufferingStreamSubscription._add (dart:async/stream_impl.dart:265:7)
#22     _SinkTransformerStreamSubscription._add (dart:async/stream_transformers.dart:70:11)
#23     _EventSinkWrapper.add (dart:async/stream_transformers.dart:17:11)
#24     _StringAdapterSink.add (dart:convert/string_conversion.dart:238:11)
#25     _LineSplitterSink._addLines (dart:convert/line_splitter.dart:152:13)
#26     _LineSplitterSink.addSlice (dart:convert/line_splitter.dart:127:5)
#27     StringConversionSinkMixin.add (dart:convert/string_conversion.dart:165:5)
#28     _SinkTransformerStreamSubscription._handleData (dart:async/stream_transformers.dart:122:24)
#29     _rootRunUnary (dart:async/zone.dart:1134:38)
#30     _CustomZone.runUnary (dart:async/zone.dart:1031:19)
#31     _CustomZone.runUnaryGuarded (dart:async/zone.dart:933:7)
#32     _BufferingStreamSubscription._sendData (dart:async/stream_impl.dart:338:11)
#33     _BufferingStreamSubscription._add (dart:async/stream_impl.dart:265:7)
#34     _SinkTransformerStreamSubscription._add (dart:async/stream_transformers.dart:70:11)
#35     _EventSinkWrapper.add (dart:async/stream_transformers.dart:17:11)
#36     _StringAdapterSink.add (dart:convert/string_conversion.dart:238:11)
#37     _StringAdapterSink.addSlice (dart:convert/string_conversion.dart:243:7)
#38     _Utf8ConversionSink.addSlice (dart:convert/string_conversion.dart:314:20)
#39     _Utf8ConversionSink.add (dart:convert/string_conversion.dart:307:5)
#40     _ConverterStreamEventSink.add (dart:convert/chunked_conversion.dart:74:18)
#41     _SinkTransformerStreamSubscription._handleData (dart:async/stream_transformers.dart:122:24)
#42     _rootRunUnary (dart:async/zone.dart:1134:38)
#43     _CustomZone.runUnary (dart:async/zone.dart:1031:19)
#44     _CustomZone.runUnaryGuarded (dart:async/zone.dart:933:7)
#45     _BufferingStreamSubscription._sendData (dart:async/stream_impl.dart:338:11)
#46     _BufferingStreamSubscription._add (dart:async/stream_impl.dart:265:7)
#47     _SyncStreamControllerDispatch._sendData (dart:async/stream_controller.dart:766:19)
#48     _StreamController._add (dart:async/stream_controller.dart:642:7)
#49     _StreamController.add (dart:async/stream_controller.dart:588:5)
#50     _Socket._onData (dart:io-patch/socket_patch.dart:1831:41)
#51     _rootRunUnary (dart:async/zone.dart:1138:13)
#52     _CustomZone.runUnary (dart:async/zone.dart:1031:19)
#53     _CustomZone.runUnaryGuarded (dart:async/zone.dart:933:7)
#54     _BufferingStreamSubscription._sendData (dart:async/stream_impl.dart:338:11)
#55     _BufferingStreamSubscription._add (dart:async/stream_impl.dart:265:7)
#56     _SyncStreamControllerDispatch._sendData (dart:async/stream_controller.dart:766:19)
#57     _StreamController._add (dart:async/stream_controller.dart:642:7)
#58     _StreamController.add (dart:async/stream_controller.dart:588:5)
#59     new _RawSocket.<anonymous closure> (dart:io-patch/socket_patch.dart:1379:33)
#60     _NativeSocket.issueReadEvent.issue (dart:io-patch/socket_patch.dart:899:14)
#61     _microtaskLoop (dart:async/schedule_microtask.dart:43:21)
#62     _startMicrotaskLoop (dart:async/schedule_microtask.dart:52:5)
#63     _runPendingImmediateCallback (dart:isolate-patch/isolate_patch.dart:118:13)
#64     _RawReceivePortImpl._handleMessage (dart:isolate-patch/isolate_patch.dart:175:5)
```

## flutter doctor

```
[✓] Flutter (Channel stable, v1.12.13+hotfix.8, on Microsoft Windows [Version 10.0.18362.778], locale en-ZA)
    • Flutter version 1.12.13+hotfix.8 at C:\Users\MSI\flutter_windows_v1.12.13+hotfix.8-stable\flutter
    • Framework revision 0b8abb4724 (3 months ago), 2020-02-11 11:44:36 -0800
    • Engine revision e1e6ced81d
    • Dart version 2.7.0

[!] Android toolchain - develop for Android devices (Android SDK version 29.0.3)
    • Android SDK at C:\Users\MSI\AppData\Local\Android\sdk
    • Android NDK location not configured (optional; useful for native profiling support)
    • Platform android-29, build-tools 29.0.3
    • Java binary at: C:\Program Files\Android\Android Studio\jre\bin\java
    • Java version OpenJDK Runtime Environment (build 1.8.0_212-release-1586-b04)
    ✗ Android license status unknown.
      Try re-installing or updating your Android SDK Manager.
      See https://developer.android.com/studio/#downloads or visit https://flutter.dev/setup/#android-setup for detailed instructions.

[✓] Android Studio (version 3.6)
    • Android Studio at C:\Program Files\Android\Android Studio
    • Flutter plugin version 44.0.2
    • Dart plugin version 192.7761
    • Java version OpenJDK Runtime Environment (build 1.8.0_212-release-1586-b04)

[✓] IntelliJ IDEA Community Edition (version 2019.3)
    • IntelliJ at C:\Program Files\JetBrains\IntelliJ IDEA Community Edition 2019.3.3
    • Flutter plugin version 44.0.3
    • Dart plugin version 193.6911.25

[✓] Connected device (1 available)
    • Android SDK built for x86 • emulator-5554 • android-x86 • Android 7.0 (API 24) (emulator)

! Doctor found issues in 1 category.
```
